check_updates: DEBUG: Unexpected Error Occured While Checking For Updates! >> traceback
Traceback (most recent call last):
  File "E:\Software Development\nwb scheduler\desktop_client\env\lib\site-packages\aiohttp\connector.py", line 1154, in _create_direct_connection
    hosts = await asyncio.shield(host_resolved)
  File "E:\Software Development\nwb scheduler\desktop_client\env\lib\site-packages\aiohttp\connector.py", line 880, in _resolve_host
    addrs = await self._resolver.resolve(host, port, family=self._family)
  File "E:\Software Development\nwb scheduler\desktop_client\env\lib\site-packages\aiohttp\resolver.py", line 33, in resolve
    infos = await self._loop.getaddrinfo(
  File "C:\Users\HanslettTheDev\AppData\Local\Programs\Python\Python310\lib\asyncio\base_events.py", line 860, in getaddrinfo
    return await self.run_in_executor(
  File "C:\Users\HanslettTheDev\AppData\Local\Programs\Python\Python310\lib\concurrent\futures\thread.py", line 58, in run
    result = self.fn(*self.args, **self.kwargs)
  File "C:\Users\HanslettTheDev\AppData\Local\Programs\Python\Python310\lib\socket.py", line 955, in getaddrinfo
    for res in _socket.getaddrinfo(host, port, family, type, proto, flags):
socket.gaierror: [Errno 11001] getaddrinfo failed

The above exception was the direct cause of the following exception:

Traceback (most recent call last):
  File "E:\Software Development\nwb scheduler\desktop_client\manage.py", line 68, in check_updates
    async with session.get(self.api) as response:
  File "E:\Software Development\nwb scheduler\desktop_client\env\lib\site-packages\aiohttp\client.py", line 1138, in __aenter__
    self._resp = await self._coro
  File "E:\Software Development\nwb scheduler\desktop_client\env\lib\site-packages\aiohttp\client.py", line 535, in _request
    conn = await self._connector.connect(
  File "E:\Software Development\nwb scheduler\desktop_client\env\lib\site-packages\aiohttp\connector.py", line 542, in connect
    proto = await self._create_connection(req, traces, timeout)
  File "E:\Software Development\nwb scheduler\desktop_client\env\lib\site-packages\aiohttp\connector.py", line 907, in _create_connection
    _, proto = await self._create_direct_connection(req, traces, timeout)
  File "E:\Software Development\nwb scheduler\desktop_client\env\lib\site-packages\aiohttp\connector.py", line 1166, in _create_direct_connection
    raise ClientConnectorError(req.connection_key, exc) from exc
aiohttp.client_exceptions.ClientConnectorError: Cannot connect to host api.github.com:443 ssl:default [getaddrinfo failed]
__init__: DEBUG: Main Window Running >>
